<?xml version="1.0" encoding="UTF-8"?>
<!-- Generated by org.testng.reporters.JUnitXMLReporter -->
<testsuite hostname="LAPTOP-9LNFVES2" ignored="4" name="Test" tests="2" failures="0" timestamp="04 Mar 2021 20:16:13 GMT" time="56.314" errors="0">
  <testcase name="searchProductTestwithaddtocart" time="17.006" classname="com.amazon.productTest.AddProdcarettest"/>
  <testcase name="searchProductTest" time="19.676" classname="com.amazon.productTest.SerachProductAndAddtoCart"/>
  <testcase name="@AfterTest configAT" time="0.0" classname="com.amazon.genericlib.BaseClass">
    <ignored/>
  </testcase> <!-- @AfterTest configAT -->
  <testcase name="@BeforeTest configBT" time="0.0" classname="com.amazon.genericlib.BaseClass">
    <ignored/>
  </testcase> <!-- @BeforeTest configBT -->
  <testcase name="@AfterSuite configAS" time="0.0" classname="com.amazon.genericlib.BaseClass">
    <ignored/>
  </testcase> <!-- @AfterSuite configAS -->
  <testcase name="@BeforeSuite configBS" time="0.0" classname="com.amazon.genericlib.BaseClass">
    <ignored/>
  </testcase> <!-- @BeforeSuite configBS -->
</testsuite> <!-- Test -->
